#
# There is insufficient memory for the Java Runtime Environment to continue.
# Native memory allocation (malloc) failed to allocate 238576 bytes. Error detail: Chunk::new
# Possible reasons:
#   The system is out of physical RAM or swap space
#   This process is running with CompressedOops enabled, and the Java Heap may be blocking the growth of the native heap
# Possible solutions:
#   Reduce memory load on the system
#   Increase physical memory or swap space
#   Check if swap backing store is full
#   Decrease Java heap size (-Xmx/-Xms)
#   Decrease number of Java threads
#   Decrease Java thread stack sizes (-Xss)
#   Set larger code cache with -XX:ReservedCodeCacheSize=
#   JVM is running with Unscaled Compressed Oops mode in which the Java heap is
#     placed in the first 4GB address space. The Java Heap base address is the
#     maximum limit for the native heap growth. Please use -XX:HeapBaseMinAddress
#     to set the Java Heap base and to place the Java Heap above 4GB virtual address.
# This output file may be truncated or incomplete.
#
#  Out of Memory Error (arena.cpp:191), pid=3272, tid=5280
#
# JRE version: OpenJDK Runtime Environment Temurin-17.0.15+6 (17.0.15+6) (build 17.0.15+6)
# Java VM: OpenJDK 64-Bit Server VM Temurin-17.0.15+6 (17.0.15+6, mixed mode, sharing, tiered, compressed oops, compressed class ptrs, g1 gc, windows-amd64)
# Core dump will be written. Default location: c:\Users\Administrator\Desktop\repos\VillagerPro2\hs_err_pid3272.mdmp
#

---------------  S U M M A R Y ------------

Command Line: --add-opens=java.base/java.util=ALL-UNNAMED --add-opens=java.base/java.lang=ALL-UNNAMED --add-opens=java.base/java.lang.invoke=ALL-UNNAMED --add-opens=java.prefs/java.util.prefs=ALL-UNNAMED --add-opens=java.base/java.nio.charset=ALL-UNNAMED --add-opens=java.base/java.net=ALL-UNNAMED --add-opens=java.base/java.util.concurrent.atomic=ALL-UNNAMED -Xmx2G -Dfile.encoding=utf8 -Duser.country=CN -Duser.language=zh -Duser.variant org.gradle.launcher.daemon.bootstrap.GradleDaemon 8.0

Host: Intel(R) Xeon(R) CPU E5-2667 v2 @ 3.30GHz, 4 cores, 7G,  Windows Server 2022 , 64 bit Build 20348 (10.0.20348.143)
Time: Fri Oct  3 13:01:09 2025  Windows Server 2022 , 64 bit Build 20348 (10.0.20348.143) elapsed time: 21.386486 seconds (0d 0h 0m 21s)

---------------  T H R E A D  ---------------

Current thread (0x00000171fe7b5700):  JavaThread "C2 CompilerThread0" daemon [_thread_in_native, id=5280, stack(0x00000009dd200000,0x00000009dd300000)]


Current CompileTask:
C2:  21386 6821   !   4       java.util.concurrent.ConcurrentHashMap::computeIfAbsent (576 bytes)

Stack: [0x00000009dd200000,0x00000009dd300000]
Native frames: (J=compiled Java code, j=interpreted, Vv=VM code, C=native code)
V  [jvm.dll+0x682fc9]
V  [jvm.dll+0x839878]
V  [jvm.dll+0x83b323]
V  [jvm.dll+0x83b993]
V  [jvm.dll+0x24725f]
V  [jvm.dll+0xacea4]
V  [jvm.dll+0xad53c]
V  [jvm.dll+0x2aca8f]
V  [jvm.dll+0x589079]
V  [jvm.dll+0x2210b2]
V  [jvm.dll+0x2214af]
V  [jvm.dll+0x21a4b0]
V  [jvm.dll+0x21758b]
V  [jvm.dll+0x1a31b0]
V  [jvm.dll+0x227a9c]
V  [jvm.dll+0x225bfb]
V  [jvm.dll+0x7ef018]
V  [jvm.dll+0x7e94dc]
V  [jvm.dll+0x681ea7]
C  [ucrtbase.dll+0x26b4c]
C  [KERNEL32.DLL+0x14ed0]
C  [ntdll.dll+0x7e20b]


---------------  P R O C E S S  ---------------

Threads class SMR info:
_java_thread_list=0x00000171d725c780, length=61, elements={
0x00000171f1b87d70, 0x00000171fe797a60, 0x00000171fe7988e0, 0x00000171fe7b1fd0,
0x00000171fe7b38b0, 0x00000171fe7b4180, 0x00000171fe7b4a50, 0x00000171fe7b5700,
0x00000171fe7b71c0, 0x00000171fe840060, 0x00000171fe8f75a0, 0x00000171fe8ff2c0,
0x00000171d6c35c00, 0x00000171d656b010, 0x00000171d7d46500, 0x00000171d7148570,
0x00000171d70f33e0, 0x00000171d70f3e00, 0x00000171d70f4820, 0x00000171d70f4310,
0x00000171d70f1a90, 0x00000171d70f1fa0, 0x00000171d70f24b0, 0x00000171d78fef80,
0x00000171d79003c0, 0x00000171d7901800, 0x00000171d78fe050, 0x00000171d78fea70,
0x00000171d92a1750, 0x00000171d92a5410, 0x00000171d92a5920, 0x00000171d92a5e30,
0x00000171d92a86b0, 0x00000171d92a7270, 0x00000171d92a81a0, 0x00000171d64460c0,
0x00000171d6445bb0, 0x00000171d6447a10, 0x00000171d6443d50, 0x00000171d6443330,
0x00000171d6447f20, 0x00000171d6444260, 0x00000171d6445190, 0x00000171d6443840,
0x00000171d6442910, 0x00000171d6444c80, 0x00000171d6441ef0, 0x00000171d71407b0,
0x00000171d6444770, 0x00000171d64465d0, 0x00000171d6449360, 0x00000171d6448430,
0x00000171d6446ff0, 0x00000171d64456a0, 0x00000171d6449870, 0x00000171d6442400,
0x00000171d6446ae0, 0x00000171d6447500, 0x00000171d6448940, 0x00000171d6448e50,
0x00000171d6442e20
}

Java Threads: ( => current thread )
  0x00000171f1b87d70 JavaThread "main" [_thread_blocked, id=8704, stack(0x00000009dc500000,0x00000009dc600000)]
  0x00000171fe797a60 JavaThread "Reference Handler" daemon [_thread_blocked, id=4988, stack(0x00000009dcc00000,0x00000009dcd00000)]
  0x00000171fe7988e0 JavaThread "Finalizer" daemon [_thread_blocked, id=5276, stack(0x00000009dcd00000,0x00000009dce00000)]
  0x00000171fe7b1fd0 JavaThread "Signal Dispatcher" daemon [_thread_blocked, id=7232, stack(0x00000009dce00000,0x00000009dcf00000)]
  0x00000171fe7b38b0 JavaThread "Attach Listener" daemon [_thread_blocked, id=11032, stack(0x00000009dcf00000,0x00000009dd000000)]
  0x00000171fe7b4180 JavaThread "Service Thread" daemon [_thread_blocked, id=4972, stack(0x00000009dd000000,0x00000009dd100000)]
  0x00000171fe7b4a50 JavaThread "Monitor Deflation Thread" daemon [_thread_blocked, id=9028, stack(0x00000009dd100000,0x00000009dd200000)]
=>0x00000171fe7b5700 JavaThread "C2 CompilerThread0" daemon [_thread_in_native, id=5280, stack(0x00000009dd200000,0x00000009dd300000)]
  0x00000171fe7b71c0 JavaThread "C1 CompilerThread0" daemon [_thread_blocked, id=9832, stack(0x00000009dd300000,0x00000009dd400000)]
  0x00000171fe840060 JavaThread "Sweeper thread" daemon [_thread_blocked, id=160, stack(0x00000009dd400000,0x00000009dd500000)]
  0x00000171fe8f75a0 JavaThread "Common-Cleaner" daemon [_thread_blocked, id=3244, stack(0x00000009dd500000,0x00000009dd600000)]
  0x00000171fe8ff2c0 JavaThread "Notification Thread" daemon [_thread_blocked, id=1108, stack(0x00000009dd600000,0x00000009dd700000)]
  0x00000171d6c35c00 JavaThread "Daemon health stats" [_thread_blocked, id=2504, stack(0x00000009ddc00000,0x00000009ddd00000)]
  0x00000171d656b010 JavaThread "Incoming local TCP Connector on port 50493" [_thread_in_native, id=3812, stack(0x00000009ddd00000,0x00000009dde00000)]
  0x00000171d7d46500 JavaThread "Daemon periodic checks" [_thread_blocked, id=10732, stack(0x00000009dde00000,0x00000009ddf00000)]
  0x00000171d7148570 JavaThread "Daemon" [_thread_blocked, id=2656, stack(0x00000009ddf00000,0x00000009de000000)]
  0x00000171d70f33e0 JavaThread "Daemon worker" [_thread_in_Java, id=7656, stack(0x00000009de100000,0x00000009de200000)]
  0x00000171d70f3e00 JavaThread "Cache worker for journal cache (C:\Users\Administrator\.gradle\caches\journal-1)" [_thread_blocked, id=9380, stack(0x00000009de500000,0x00000009de600000)]
  0x00000171d70f4820 JavaThread "File lock request listener" [_thread_in_native, id=6676, stack(0x00000009de600000,0x00000009de700000)]
  0x00000171d70f4310 JavaThread "Cache worker for file hash cache (C:\Users\Administrator\.gradle\caches\8.0\fileHashes)" [_thread_blocked, id=11236, stack(0x00000009de700000,0x00000009de800000)]
  0x00000171d70f1a90 JavaThread "File watcher server" daemon [_thread_in_native, id=9260, stack(0x00000009de800000,0x00000009de900000)]
  0x00000171d70f1fa0 JavaThread "File watcher consumer" daemon [_thread_blocked, id=4836, stack(0x00000009de900000,0x00000009dea00000)]
  0x00000171d70f24b0 JavaThread "jar transforms" [_thread_blocked, id=1316, stack(0x00000009dea00000,0x00000009deb00000)]
  0x00000171d78fef80 JavaThread "jar transforms Thread 2" [_thread_blocked, id=6748, stack(0x00000009deb00000,0x00000009dec00000)]
  0x00000171d79003c0 JavaThread "jar transforms Thread 3" [_thread_blocked, id=11152, stack(0x00000009dec00000,0x00000009ded00000)]
  0x00000171d7901800 JavaThread "Cache worker for file content cache (C:\Users\Administrator\.gradle\caches\8.0\fileContent)" [_thread_blocked, id=10256, stack(0x00000009df000000,0x00000009df100000)]
  0x00000171d78fe050 JavaThread "Cache worker for execution history cache (C:\Users\Administrator\.gradle\caches\8.0\executionHistory)" [_thread_blocked, id=9584, stack(0x00000009df300000,0x00000009df400000)]
  0x00000171d78fea70 JavaThread "jar transforms Thread 4" [_thread_blocked, id=10896, stack(0x00000009df400000,0x00000009df500000)]
  0x00000171d92a1750 JavaThread "Memory manager" [_thread_blocked, id=5604, stack(0x00000009df800000,0x00000009df900000)]
  0x00000171d92a5410 JavaThread "ForkJoinPool.commonPool-worker-1" daemon [_thread_blocked, id=9764, stack(0x00000009df900000,0x00000009dfa00000)]
  0x00000171d92a5920 JavaThread "ForkJoinPool.commonPool-worker-2" daemon [_thread_blocked, id=10768, stack(0x00000009dfa00000,0x00000009dfb00000)]
  0x00000171d92a5e30 JavaThread "ForkJoinPool.commonPool-worker-3" daemon [_thread_blocked, id=6644, stack(0x00000009dfb00000,0x00000009dfc00000)]
  0x00000171d92a86b0 JavaThread "Exec process" [_thread_blocked, id=4852, stack(0x00000009dfc00000,0x00000009dfd00000)]
  0x00000171d92a7270 JavaThread "Exec process Thread 2" [_thread_blocked, id=10836, stack(0x00000009dfd00000,0x00000009dfe00000)]
  0x00000171d92a81a0 JavaThread "Exec process Thread 3" [_thread_blocked, id=3772, stack(0x00000009dfe00000,0x00000009dff00000)]
  0x00000171d64460c0 JavaThread "included builds" [_thread_blocked, id=6956, stack(0x00000009ded00000,0x00000009dee00000)]
  0x00000171d6445bb0 JavaThread "Handler for socket connection from /127.0.0.1:50493 to /127.0.0.1:50496" [_thread_in_native, id=6412, stack(0x00000009dd800000,0x00000009dd900000)]
  0x00000171d6447a10 JavaThread "Cancel handler" [_thread_blocked, id=3412, stack(0x00000009de000000,0x00000009de100000)]
  0x00000171d6443d50 JavaThread "Asynchronous log dispatcher for DefaultDaemonConnection: socket connection from /127.0.0.1:50493 to /127.0.0.1:50496" [_thread_blocked, id=11228, stack(0x00000009de200000,0x00000009de300000)]
  0x00000171d6443330 JavaThread "Stdin handler" [_thread_blocked, id=10628, stack(0x00000009de300000,0x00000009de400000)]
  0x00000171d6447f20 JavaThread "Daemon client event forwarder" [_thread_blocked, id=7228, stack(0x00000009de400000,0x00000009de500000)]
  0x00000171d6444260 JavaThread "Cache worker for checksums cache (C:\Users\Administrator\Desktop\repos\VillagerPro2\.gradle\8.0\checksums)" [_thread_blocked, id=4796, stack(0x00000009dee00000,0x00000009def00000)]
  0x00000171d6445190 JavaThread "Cache worker for cache directory md-rule (C:\Users\Administrator\.gradle\caches\8.0\md-rule)" [_thread_blocked, id=8080, stack(0x00000009def00000,0x00000009df000000)]
  0x00000171d6443840 JavaThread "Cache worker for file hash cache (C:\Users\Administrator\Desktop\repos\VillagerPro2\.gradle\8.0\fileHashes)" [_thread_blocked, id=6424, stack(0x00000009df100000,0x00000009df200000)]
  0x00000171d6442910 JavaThread "Cache worker for cache directory md-supplier (C:\Users\Administrator\.gradle\caches\8.0\md-supplier)" [_thread_blocked, id=1216, stack(0x00000009df200000,0x00000009df300000)]
  0x00000171d6444c80 JavaThread "Cache worker for dependencies-accessors (C:\Users\Administrator\Desktop\repos\VillagerPro2\.gradle\8.0\dependencies-accessors)" [_thread_blocked, id=8692, stack(0x00000009df600000,0x00000009df700000)]
  0x00000171d6441ef0 JavaThread "Cache worker for Build Output Cleanup Cache (C:\Users\Administrator\Desktop\repos\VillagerPro2\.gradle\buildOutputCleanup)" [_thread_blocked, id=6732, stack(0x00000009df700000,0x00000009df800000)]
  0x00000171d71407b0 JavaThread "C2 CompilerThread1" daemon [_thread_in_native, id=10652, stack(0x00000009dff00000,0x00000009e0000000)]
  0x00000171d6444770 JavaThread "Unconstrained build operations" [_thread_new, id=4484, stack(0x0000000000000000,0x0000000000000000)]
  0x00000171d64465d0 JavaThread "Unconstrained build operations Thread 2" [_thread_new, id=6892, stack(0x0000000000000000,0x0000000000000000)]
  0x00000171d6449360 JavaThread "Unconstrained build operations Thread 3" [_thread_new, id=7740, stack(0x0000000000000000,0x0000000000000000)]
  0x00000171d6448430 JavaThread "Unconstrained build operations Thread 4" [_thread_new, id=332, stack(0x0000000000000000,0x0000000000000000)]
  0x00000171d6446ff0 JavaThread "Unconstrained build operations Thread 5" [_thread_new, id=6580, stack(0x0000000000000000,0x0000000000000000)]
  0x00000171d64456a0 JavaThread "Unconstrained build operations Thread 6" [_thread_new, id=11160, stack(0x0000000000000000,0x0000000000000000)]
  0x00000171d6449870 JavaThread "Unconstrained build operations Thread 7" [_thread_new, id=2992, stack(0x0000000000000000,0x0000000000000000)]
  0x00000171d6442400 JavaThread "Unconstrained build operations Thread 8" [_thread_new, id=9800, stack(0x0000000000000000,0x0000000000000000)]
  0x00000171d6446ae0 JavaThread "Unconstrained build operations Thread 9" [_thread_new, id=11020, stack(0x0000000000000000,0x0000000000000000)]
  0x00000171d6447500 JavaThread "Unconstrained build operations Thread 10" [_thread_new, id=6624, stack(0x0000000000000000,0x0000000000000000)]
  0x00000171d6448940 JavaThread "Unconstrained build operations Thread 11" [_thread_new, id=5836, stack(0x0000000000000000,0x0000000000000000)]
  0x00000171d6448e50 JavaThread "Unconstrained build operations Thread 12" [_thread_new, id=8796, stack(0x0000000000000000,0x0000000000000000)]
  0x00000171d6442e20 JavaThread "Unconstrained build operations Thread 13" [_thread_new, id=364, stack(0x0000000000000000,0x0000000000000000)]

Other Threads:
  0x00000171fe790810 VMThread "VM Thread" [stack: 0x00000009dcb00000,0x00000009dcc00000] [id=9356]
  0x00000171fe8f5270 WatcherThread [stack: 0x00000009dd700000,0x00000009dd800000] [id=9548]
  0x00000171f1be2130 GCTaskThread "GC Thread#0" [stack: 0x00000009dc600000,0x00000009dc700000] [id=10496]
  0x00000171fec2ea20 GCTaskThread "GC Thread#1" [stack: 0x00000009dd900000,0x00000009dda00000] [id=10276]
  0x00000171fee1b330 GCTaskThread "GC Thread#2" [stack: 0x00000009dda00000,0x00000009ddb00000] [id=5532]
  0x00000171febb5530 GCTaskThread "GC Thread#3" [stack: 0x00000009ddb00000,0x00000009ddc00000] [id=1620]
  0x00000171f1bf4090 ConcurrentGCThread "G1 Main Marker" [stack: 0x00000009dc700000,0x00000009dc800000] [id=8216]
  0x00000171f1bf4ab0 ConcurrentGCThread "G1 Conc#0" [stack: 0x00000009dc800000,0x00000009dc900000] [id=2144]
  0x00000171f1c49a30 ConcurrentGCThread "G1 Refine#0" [stack: 0x00000009dc900000,0x00000009dca00000] [id=4520]
  0x00000171feb58310 ConcurrentGCThread "G1 Refine#1" [stack: 0x00000009df500000,0x00000009df600000] [id=5900]
  0x00000171fe650d90 ConcurrentGCThread "G1 Service" [stack: 0x00000009dca00000,0x00000009dcb00000] [id=5104]

Threads with active compile tasks:
C2 CompilerThread0    21466 6821   !   4       java.util.concurrent.ConcurrentHashMap::computeIfAbsent (576 bytes)
C2 CompilerThread1    21466 6844   !   4       java.util.concurrent.ConcurrentHashMap::putVal (432 bytes)

VM state: not at safepoint (normal execution)

VM Mutex/Monitor currently owned by a thread: None

Heap address: 0x0000000080000000, size: 2048 MB, Compressed Oops mode: 32-bit

CDS archive(s) mapped at: [0x0000017191000000-0x0000017191bb0000-0x0000017191bb0000), size 12255232, SharedBaseAddress: 0x0000017191000000, ArchiveRelocationMode: 1.
Compressed class space mapped at: 0x0000017192000000-0x00000171d2000000, reserved size: 1073741824
Narrow klass base: 0x0000017191000000, Narrow klass shift: 0, Narrow klass range: 0x100000000

GC Precious Log:
 CPUs: 4 total, 4 available
 Memory: 8191M
 Large Page Support: Disabled
 NUMA Support: Disabled
 Compressed Oops: Enabled (32-bit)
 Heap Region Size: 1M
 Heap Min Capacity: 8M
 Heap Initial Capacity: 128M
 Heap Max Capacity: 2G
 Pre-touch: Disabled
 Parallel Workers: 4
 Concurrent Workers: 1
 Concurrent Refinement Workers: 4
 Periodic GC: Disabled

Heap:
 garbage-first heap   total 107520K, used 63115K [0x0000000080000000, 0x0000000100000000)
  region size 1024K, 21 young (21504K), 5 survivors (5120K)
 Metaspace       used 53831K, committed 54528K, reserved 1114112K
  class space    used 7616K, committed 7936K, reserved 1048576K

Heap Regions: E=young(eden), S=young(survivor), O=old, HS=humongous(starts), HC=humongous(continues), CS=collection set, F=free, OA=open archive, CA=closed archive, TAMS=top-at-mark-start (previous, next)
|   0|0x0000000080000000, 0x0000000080100000, 0x0000000080100000|100%| O|  |TAMS 0x0000000080100000, 0x0000000080000000| Untracked 
|   1|0x0000000080100000, 0x0000000080200000, 0x0000000080200000|100%| O|  |TAMS 0x0000000080200000, 0x0000000080100000| Untracked 
|   2|0x0000000080200000, 0x0000000080300000, 0x0000000080300000|100%|HS|  |TAMS 0x0000000080300000, 0x0000000080200000| Complete 
|   3|0x0000000080300000, 0x0000000080400000, 0x0000000080400000|100%|HC|  |TAMS 0x0000000080400000, 0x0000000080300000| Complete 
|   4|0x0000000080400000, 0x0000000080500000, 0x0000000080500000|100%|HC|  |TAMS 0x0000000080500000, 0x0000000080400000| Complete 
|   5|0x0000000080500000, 0x0000000080600000, 0x0000000080600000|100%|HC|  |TAMS 0x0000000080600000, 0x0000000080500000| Complete 
|   6|0x0000000080600000, 0x0000000080700000, 0x0000000080700000|100%| O|  |TAMS 0x0000000080700000, 0x0000000080600000| Untracked 
|   7|0x0000000080700000, 0x0000000080800000, 0x0000000080800000|100%| O|  |TAMS 0x0000000080800000, 0x0000000080700000| Untracked 
|   8|0x0000000080800000, 0x0000000080900000, 0x0000000080900000|100%| O|  |TAMS 0x0000000080900000, 0x0000000080800000| Untracked 
|   9|0x0000000080900000, 0x0000000080a00000, 0x0000000080a00000|100%| O|  |TAMS 0x0000000080a00000, 0x0000000080900000| Untracked 
|  10|0x0000000080a00000, 0x0000000080b00000, 0x0000000080b00000|100%| O|  |TAMS 0x0000000080b00000, 0x0000000080a00000| Untracked 
|  11|0x0000000080b00000, 0x0000000080c00000, 0x0000000080c00000|100%| O|  |TAMS 0x0000000080c00000, 0x0000000080b00000| Untracked 
|  12|0x0000000080c00000, 0x0000000080d00000, 0x0000000080d00000|100%| O|  |TAMS 0x0000000080d00000, 0x0000000080c00000| Untracked 
|  13|0x0000000080d00000, 0x0000000080e00000, 0x0000000080e00000|100%| O|  |TAMS 0x0000000080e00000, 0x0000000080d00000| Untracked 
|  14|0x0000000080e00000, 0x0000000080f00000, 0x0000000080f00000|100%| O|  |TAMS 0x0000000080f00000, 0x0000000080e00000| Untracked 
|  15|0x0000000080f00000, 0x0000000081000000, 0x0000000081000000|100%| O|  |TAMS 0x0000000081000000, 0x0000000080f00000| Untracked 
|  16|0x0000000081000000, 0x0000000081100000, 0x0000000081100000|100%| O|  |TAMS 0x0000000081100000, 0x0000000081000000| Untracked 
|  17|0x0000000081100000, 0x0000000081200000, 0x0000000081200000|100%| O|  |TAMS 0x0000000081200000, 0x0000000081100000| Untracked 
|  18|0x0000000081200000, 0x0000000081300000, 0x0000000081300000|100%| O|  |TAMS 0x0000000081300000, 0x0000000081200000| Untracked 
|  19|0x0000000081300000, 0x0000000081400000, 0x0000000081400000|100%| O|  |TAMS 0x0000000081400000, 0x0000000081300000| Untracked 
|  20|0x0000000081400000, 0x00000000814b4c00, 0x0000000081500000| 70%| O|  |TAMS 0x00000000814b4c00, 0x0000000081400000| Untracked 
|  21|0x0000000081500000, 0x0000000081600000, 0x0000000081600000|100%| O|  |TAMS 0x0000000081500000, 0x0000000081500000| Untracked 
|  22|0x0000000081600000, 0x0000000081700000, 0x0000000081700000|100%| O|  |TAMS 0x0000000081600000, 0x0000000081600000| Untracked 
|  23|0x0000000081700000, 0x0000000081800000, 0x0000000081800000|100%| O|  |TAMS 0x0000000081700000, 0x0000000081700000| Untracked 
|  24|0x0000000081800000, 0x0000000081900000, 0x0000000081900000|100%| O|  |TAMS 0x0000000081900000, 0x0000000081800000| Untracked 
|  25|0x0000000081900000, 0x0000000081a00000, 0x0000000081a00000|100%| O|  |TAMS 0x0000000081a00000, 0x0000000081900000| Untracked 
|  26|0x0000000081a00000, 0x0000000081b00000, 0x0000000081b00000|100%| O|  |TAMS 0x0000000081b00000, 0x0000000081a00000| Untracked 
|  27|0x0000000081b00000, 0x0000000081c00000, 0x0000000081c00000|100%| O|  |TAMS 0x0000000081c00000, 0x0000000081b00000| Untracked 
|  28|0x0000000081c00000, 0x0000000081d00000, 0x0000000081d00000|100%| O|  |TAMS 0x0000000081c76000, 0x0000000081c00000| Untracked 
|  29|0x0000000081d00000, 0x0000000081e00000, 0x0000000081e00000|100%| O|  |TAMS 0x0000000081d00000, 0x0000000081d00000| Untracked 
|  30|0x0000000081e00000, 0x0000000081f00000, 0x0000000081f00000|100%| O|  |TAMS 0x0000000081e00000, 0x0000000081e00000| Untracked 
|  31|0x0000000081f00000, 0x0000000082000000, 0x0000000082000000|100%| O|  |TAMS 0x0000000081f00000, 0x0000000081f00000| Untracked 
|  32|0x0000000082000000, 0x0000000082100000, 0x0000000082100000|100%| O|  |TAMS 0x0000000082000000, 0x0000000082000000| Untracked 
|  33|0x0000000082100000, 0x0000000082200000, 0x0000000082200000|100%| O|  |TAMS 0x0000000082100000, 0x0000000082100000| Untracked 
|  34|0x0000000082200000, 0x0000000082300000, 0x0000000082300000|100%| O|  |TAMS 0x0000000082200000, 0x0000000082200000| Untracked 
|  35|0x0000000082300000, 0x0000000082400000, 0x0000000082400000|100%| O|  |TAMS 0x0000000082300000, 0x0000000082300000| Untracked 
|  36|0x0000000082400000, 0x0000000082500000, 0x0000000082500000|100%| O|  |TAMS 0x0000000082400000, 0x0000000082400000| Untracked 
|  37|0x0000000082500000, 0x0000000082600000, 0x0000000082600000|100%| O|  |TAMS 0x0000000082500000, 0x0000000082500000| Untracked 
|  38|0x0000000082600000, 0x0000000082700000, 0x0000000082700000|100%| O|  |TAMS 0x0000000082600000, 0x0000000082600000| Untracked 
|  39|0x0000000082700000, 0x0000000082800000, 0x0000000082800000|100%| O|  |TAMS 0x0000000082700000, 0x0000000082700000| Untracked 
|  40|0x0000000082800000, 0x0000000082900000, 0x0000000082900000|100%| O|  |TAMS 0x0000000082800000, 0x0000000082800000| Untracked 
|  41|0x0000000082900000, 0x0000000082a00000, 0x0000000082a00000|100%| O|  |TAMS 0x0000000082900000, 0x0000000082900000| Untracked 
|  42|0x0000000082a00000, 0x0000000082a1a400, 0x0000000082b00000| 10%| O|  |TAMS 0x0000000082a00000, 0x0000000082a00000| Untracked 
|  43|0x0000000082b00000, 0x0000000082b00000, 0x0000000082c00000|  0%| F|  |TAMS 0x0000000082b00000, 0x0000000082b00000| Untracked 
|  44|0x0000000082c00000, 0x0000000082c00000, 0x0000000082d00000|  0%| F|  |TAMS 0x0000000082c00000, 0x0000000082c00000| Untracked 
|  45|0x0000000082d00000, 0x0000000082d00000, 0x0000000082e00000|  0%| F|  |TAMS 0x0000000082d00000, 0x0000000082d00000| Untracked 
|  46|0x0000000082e00000, 0x0000000082e00000, 0x0000000082f00000|  0%| F|  |TAMS 0x0000000082e00000, 0x0000000082e00000| Untracked 
|  47|0x0000000082f00000, 0x0000000082f00000, 0x0000000083000000|  0%| F|  |TAMS 0x0000000082f00000, 0x0000000082f00000| Untracked 
|  48|0x0000000083000000, 0x0000000083000000, 0x0000000083100000|  0%| F|  |TAMS 0x0000000083000000, 0x0000000083000000| Untracked 
|  49|0x0000000083100000, 0x0000000083100000, 0x0000000083200000|  0%| F|  |TAMS 0x0000000083100000, 0x0000000083100000| Untracked 
|  50|0x0000000083200000, 0x0000000083200000, 0x0000000083300000|  0%| F|  |TAMS 0x0000000083200000, 0x0000000083200000| Untracked 
|  51|0x0000000083300000, 0x0000000083300000, 0x0000000083400000|  0%| F|  |TAMS 0x0000000083300000, 0x0000000083300000| Untracked 
|  52|0x0000000083400000, 0x0000000083400000, 0x0000000083500000|  0%| F|  |TAMS 0x0000000083400000, 0x0000000083400000| Untracked 
|  53|0x0000000083500000, 0x0000000083500000, 0x0000000083600000|  0%| F|  |TAMS 0x0000000083500000, 0x0000000083500000| Untracked 
|  54|0x0000000083600000, 0x0000000083600000, 0x0000000083700000|  0%| F|  |TAMS 0x0000000083600000, 0x0000000083600000| Untracked 
|  55|0x0000000083700000, 0x0000000083700000, 0x0000000083800000|  0%| F|  |TAMS 0x0000000083700000, 0x0000000083700000| Untracked 
|  56|0x0000000083800000, 0x0000000083800000, 0x0000000083900000|  0%| F|  |TAMS 0x0000000083800000, 0x0000000083800000| Untracked 
|  57|0x0000000083900000, 0x0000000083900000, 0x0000000083a00000|  0%| F|  |TAMS 0x0000000083900000, 0x0000000083900000| Untracked 
|  58|0x0000000083a00000, 0x0000000083a00000, 0x0000000083b00000|  0%| F|  |TAMS 0x0000000083a00000, 0x0000000083a00000| Untracked 
|  59|0x0000000083b00000, 0x0000000083bd3da0, 0x0000000083c00000| 82%| S|CS|TAMS 0x0000000083b00000, 0x0000000083b00000| Complete 
|  60|0x0000000083c00000, 0x0000000083d00000, 0x0000000083d00000|100%| S|CS|TAMS 0x0000000083c00000, 0x0000000083c00000| Complete 
|  61|0x0000000083d00000, 0x0000000083e00000, 0x0000000083e00000|100%| S|CS|TAMS 0x0000000083d00000, 0x0000000083d00000| Complete 
|  62|0x0000000083e00000, 0x0000000083e00000, 0x0000000083f00000|  0%| F|  |TAMS 0x0000000083e00000, 0x0000000083e00000| Untracked 
|  63|0x0000000083f00000, 0x0000000083f00000, 0x0000000084000000|  0%| F|  |TAMS 0x0000000083f00000, 0x0000000083f00000| Untracked 
|  64|0x0000000084000000, 0x0000000084000000, 0x0000000084100000|  0%| F|  |TAMS 0x0000000084000000, 0x0000000084000000| Untracked 
|  65|0x0000000084100000, 0x0000000084200000, 0x0000000084200000|100%| S|CS|TAMS 0x0000000084100000, 0x0000000084100000| Complete 
|  66|0x0000000084200000, 0x0000000084300000, 0x0000000084300000|100%| S|CS|TAMS 0x0000000084200000, 0x0000000084200000| Complete 
|  67|0x0000000084300000, 0x0000000084300000, 0x0000000084400000|  0%| F|  |TAMS 0x0000000084300000, 0x0000000084300000| Untracked 
|  68|0x0000000084400000, 0x0000000084400000, 0x0000000084500000|  0%| F|  |TAMS 0x0000000084400000, 0x0000000084400000| Untracked 
|  69|0x0000000084500000, 0x0000000084500000, 0x0000000084600000|  0%| F|  |TAMS 0x0000000084500000, 0x0000000084500000| Untracked 
|  70|0x0000000084600000, 0x0000000084600000, 0x0000000084700000|  0%| F|  |TAMS 0x0000000084600000, 0x0000000084600000| Untracked 
|  71|0x0000000084700000, 0x0000000084700000, 0x0000000084800000|  0%| F|  |TAMS 0x0000000084700000, 0x0000000084700000| Untracked 
|  72|0x0000000084800000, 0x0000000084800000, 0x0000000084900000|  0%| F|  |TAMS 0x0000000084800000, 0x0000000084800000| Untracked 
|  73|0x0000000084900000, 0x0000000084900000, 0x0000000084a00000|  0%| F|  |TAMS 0x0000000084900000, 0x0000000084900000| Untracked 
|  74|0x0000000084a00000, 0x0000000084a00000, 0x0000000084b00000|  0%| F|  |TAMS 0x0000000084a00000, 0x0000000084a00000| Untracked 
|  75|0x0000000084b00000, 0x0000000084b00000, 0x0000000084c00000|  0%| F|  |TAMS 0x0000000084b00000, 0x0000000084b00000| Untracked 
|  76|0x0000000084c00000, 0x0000000084c00000, 0x0000000084d00000|  0%| F|  |TAMS 0x0000000084c00000, 0x0000000084c00000| Untracked 
|  77|0x0000000084d00000, 0x0000000084d00000, 0x0000000084e00000|  0%| F|  |TAMS 0x0000000084d00000, 0x0000000084d00000| Untracked 
|  78|0x0000000084e00000, 0x0000000084e00000, 0x0000000084f00000|  0%| F|  |TAMS 0x0000000084e00000, 0x0000000084e00000| Untracked 
|  79|0x0000000084f00000, 0x0000000084f00000, 0x0000000085000000|  0%| F|  |TAMS 0x0000000084f00000, 0x0000000084f00000| Untracked 
|  80|0x0000000085000000, 0x0000000085000000, 0x0000000085100000|  0%| F|  |TAMS 0x0000000085000000, 0x0000000085000000| Untracked 
|  81|0x0000000085100000, 0x0000000085100000, 0x0000000085200000|  0%| F|  |TAMS 0x0000000085100000, 0x0000000085100000| Untracked 
|  82|0x0000000085200000, 0x0000000085200000, 0x0000000085300000|  0%| F|  |TAMS 0x0000000085200000, 0x0000000085200000| Untracked 
|  83|0x0000000085300000, 0x0000000085300000, 0x0000000085400000|  0%| F|  |TAMS 0x0000000085300000, 0x0000000085300000| Untracked 
|  84|0x0000000085400000, 0x0000000085400000, 0x0000000085500000|  0%| F|  |TAMS 0x0000000085400000, 0x0000000085400000| Untracked 
|  85|0x0000000085500000, 0x0000000085500000, 0x0000000085600000|  0%| F|  |TAMS 0x0000000085500000, 0x0000000085500000| Untracked 
|  86|0x0000000085600000, 0x0000000085600000, 0x0000000085700000|  0%| F|  |TAMS 0x0000000085600000, 0x0000000085600000| Untracked 
|  87|0x0000000085700000, 0x0000000085700000, 0x0000000085800000|  0%| F|  |TAMS 0x0000000085700000, 0x0000000085700000| Untracked 
|  88|0x0000000085800000, 0x0000000085800000, 0x0000000085900000|  0%| F|  |TAMS 0x0000000085800000, 0x0000000085800000| Untracked 
|  89|0x0000000085900000, 0x0000000085983610, 0x0000000085a00000| 51%| E|  |TAMS 0x0000000085900000, 0x0000000085900000| Complete 
|  90|0x0000000085a00000, 0x0000000085b00000, 0x0000000085b00000|100%| E|CS|TAMS 0x0000000085a00000, 0x0000000085a00000| Complete 
|  91|0x0000000085b00000, 0x0000000085c00000, 0x0000000085c00000|100%| E|CS|TAMS 0x0000000085b00000, 0x0000000085b00000| Complete 
|  92|0x0000000085c00000, 0x0000000085d00000, 0x0000000085d00000|100%| E|CS|TAMS 0x0000000085c00000, 0x0000000085c00000| Complete 
|  93|0x0000000085d00000, 0x0000000085e00000, 0x0000000085e00000|100%| E|CS|TAMS 0x0000000085d00000, 0x0000000085d00000| Complete 
|  94|0x0000000085e00000, 0x0000000085f00000, 0x0000000085f00000|100%| E|CS|TAMS 0x0000000085e00000, 0x0000000085e00000| Complete 
|  95|0x0000000085f00000, 0x0000000086000000, 0x0000000086000000|100%| E|CS|TAMS 0x0000000085f00000, 0x0000000085f00000| Complete 
|  96|0x0000000086000000, 0x0000000086100000, 0x0000000086100000|100%| E|CS|TAMS 0x0000000086000000, 0x0000000086000000| Complete 
|  97|0x0000000086100000, 0x0000000086200000, 0x0000000086200000|100%| E|CS|TAMS 0x0000000086100000, 0x0000000086100000| Complete 
|  98|0x0000000086200000, 0x0000000086300000, 0x0000000086300000|100%| E|CS|TAMS 0x0000000086200000, 0x0000000086200000| Complete 
|  99|0x0000000086300000, 0x0000000086400000, 0x0000000086400000|100%| E|CS|TAMS 0x0000000086300000, 0x0000000086300000| Complete 
| 100|0x0000000086400000, 0x0000000086500000, 0x0000000086500000|100%| E|CS|TAMS 0x0000000086400000, 0x0000000086400000| Complete 
| 101|0x0000000086500000, 0x0000000086600000, 0x0000000086600000|100%| E|CS|TAMS 0x0000000086500000, 0x0000000086500000| Complete 
| 102|0x0000000086600000, 0x0000000086700000, 0x0000000086700000|100%| E|CS|TAMS 0x0000000086600000, 0x0000000086600000| Complete 
| 103|0x0000000086700000, 0x0000000086800000, 0x0000000086800000|100%| E|CS|TAMS 0x0000000086700000, 0x0000000086700000| Complete 
| 127|0x0000000087f00000, 0x0000000088000000, 0x0000000088000000|100%| E|CS|TAMS 0x0000000087f00000, 0x0000000087f00000| Complete 

Card table byte_map: [0x00000171f9af0000,0x00000171f9ef0000] _byte_map_base: 0x00000171f96f0000

Marking Bits (Prev, Next): (CMBitMap*) 0x00000171f1be3760, (CMBitMap*) 0x00000171f1be37a0
 Prev Bits: [0x00000171fa2f0000, 0x00000171fc2f0000)
 Next Bits: [0x00000171fc2f0000, 0x00000171fe2f0000)

Polling page: 0x00000171efa50000

Metaspace:

Usage:
  Non-class:     45.13 MB used.
      Class:      7.44 MB used.
       Both:     52.57 MB used.

Virtual space:
  Non-class space:       64.00 MB reserved,      45.50 MB ( 71%) committed,  1 nodes.
      Class space:        1.00 GB reserved,       7.75 MB ( <1%) committed,  1 nodes.
             Both:        1.06 GB reserved,      53.25 MB (  5%) committed. 

Chunk freelists:
   Non-Class:  1.94 MB
       Class:  8.21 MB
        Both:  10.15 MB

MaxMetaspaceSize: unlimited
CompressedClassSpaceSize: 1.00 GB
Initial GC threshold: 21.00 MB
Current GC threshold: 58.75 MB
CDS: on
MetaspaceReclaimPolicy: balanced
 - commit_granule_bytes: 65536.
 - commit_granule_words: 8192.
 - virtual_space_node_default_size: 8388608.
 - enlarge_chunks_in_place: 1.
 - new_chunks_are_fully_committed: 0.
 - uncommit_free_chunks: 1.
 - use_allocation_guard: 0.
 - handle_deallocations: 1.


Internal statistics:

num_allocs_failed_limit: 6.
num_arena_births: 920.
num_arena_deaths: 0.
num_vsnodes_births: 2.
num_vsnodes_deaths: 0.
num_space_committed: 852.
num_space_uncommitted: 0.
num_chunks_returned_to_freelist: 6.
num_chunks_taken_from_freelist: 3163.
num_chunk_merges: 6.
num_chunk_splits: 1973.
num_chunks_enlarged: 1156.
num_inconsistent_stats: 0.

CodeHeap 'non-profiled nmethods': size=120000Kb used=4042Kb max_used=4042Kb free=115957Kb
 bounds [0x0000017187ad0000, 0x0000017187ed0000, 0x000001718f000000]
CodeHeap 'profiled nmethods': size=120000Kb used=12235Kb max_used=12235Kb free=107764Kb
 bounds [0x0000017180000000, 0x0000017180c00000, 0x0000017187530000]
CodeHeap 'non-nmethods': size=5760Kb used=2337Kb max_used=2401Kb free=3422Kb
 bounds [0x0000017187530000, 0x00000171877a0000, 0x0000017187ad0000]
 total_blobs=6988 nmethods=6129 adapters=771
 compilation: enabled
              stopped_count=0, restarted_count=0
 full_count=0

Compilation events (20 events):
Event: 21.295 Thread 0x00000171fe7b71c0 6848       3       org.gradle.internal.component.external.model.maven.MavenDependencyDescriptor::isOptional (16 bytes)
Event: 21.295 Thread 0x00000171fe7b71c0 nmethod 6848 0x0000017180bd7a90 code [0x0000017180bd7c20, 0x0000017180bd7d98]
Event: 21.295 Thread 0x00000171fe7b71c0 6850   !   3       org.gradle.cache.internal.DefaultCacheAccess::takeOwnership (50 bytes)
Event: 21.295 Thread 0x00000171fe7b71c0 nmethod 6850 0x0000017180bd7e10 code [0x0000017180bd8000, 0x0000017180bd84c8]
Event: 21.295 Thread 0x00000171fe7b71c0 6847       1       org.gradle.internal.component.external.descriptor.MavenScope::getLowerName (5 bytes)
Event: 21.296 Thread 0x00000171fe7b71c0 nmethod 6847 0x0000017187ebce90 code [0x0000017187ebd020, 0x0000017187ebd0f8]
Event: 21.296 Thread 0x00000171fe7b71c0 6849       1       org.gradle.api.internal.artifacts.ivyservice.resolveengine.graph.builder.ComponentState::getId (5 bytes)
Event: 21.296 Thread 0x00000171fe7b71c0 nmethod 6849 0x0000017187ebd190 code [0x0000017187ebd320, 0x0000017187ebd3f8]
Event: 21.296 Thread 0x00000171fe7b71c0 6851       3       com.google.common.collect.ImmutableList::equals (6 bytes)
Event: 21.296 Thread 0x00000171fe7b71c0 nmethod 6851 0x0000017180bd8790 code [0x0000017180bd8920, 0x0000017180bd8a48]
Event: 21.296 Thread 0x00000171fe7b71c0 6852       3       com.google.common.collect.Lists::equalsImpl (114 bytes)
Event: 21.296 Thread 0x00000171fe7b71c0 nmethod 6852 0x0000017180bd8b10 code [0x0000017180bd8dc0, 0x0000017180bd9e48]
Event: 21.297 Thread 0x00000171fe7b71c0 6853       3       org.gradle.api.internal.attributes.DefaultImmutableAttributesFactory::mutable (14 bytes)
Event: 21.297 Thread 0x00000171fe7b71c0 nmethod 6853 0x0000017180bda190 code [0x0000017180bda360, 0x0000017180bda7c8]
Event: 21.297 Thread 0x00000171fe7b71c0 6854       3       com.google.common.collect.SingletonImmutableSet::contains (9 bytes)
Event: 21.297 Thread 0x00000171fe7b71c0 nmethod 6854 0x0000017180bda990 code [0x0000017180bdab40, 0x0000017180bdad08]
Event: 21.297 Thread 0x00000171fe7b71c0 6855       3       java.lang.invoke.LambdaForm$MH/0x00000171921e8c00::linkToTargetMethod (11 bytes)
Event: 21.298 Thread 0x00000171fe7b71c0 nmethod 6855 0x0000017180bdae10 code [0x0000017180bdafc0, 0x0000017180bdb438]
Event: 21.298 Thread 0x00000171fe7b71c0 6856       3       java.lang.invoke.LambdaForm$DMH/0x00000171921e8400::newInvokeSpecial (28 bytes)
Event: 21.298 Thread 0x00000171fe7b71c0 nmethod 6856 0x0000017180bdb510 code [0x0000017180bdb700, 0x0000017180bdbee8]

GC Heap History (20 events):
Event: 4.679 GC heap before
{Heap before GC invocations=3 (full 0):
 garbage-first heap   total 131072K, used 88486K [0x0000000080000000, 0x0000000100000000)
  region size 1024K, 76 young (77824K), 2 survivors (2048K)
 Metaspace       used 17464K, committed 17792K, reserved 1114112K
  class space    used 2564K, committed 2752K, reserved 1048576K
}
Event: 4.697 GC heap after
{Heap after GC invocations=4 (full 0):
 garbage-first heap   total 131072K, used 21227K [0x0000000080000000, 0x0000000100000000)
  region size 1024K, 10 young (10240K), 10 survivors (10240K)
 Metaspace       used 17464K, committed 17792K, reserved 1114112K
  class space    used 2564K, committed 2752K, reserved 1048576K
}
Event: 6.501 GC heap before
{Heap before GC invocations=4 (full 0):
 garbage-first heap   total 131072K, used 44779K [0x0000000080000000, 0x0000000100000000)
  region size 1024K, 35 young (35840K), 10 survivors (10240K)
 Metaspace       used 21192K, committed 21504K, reserved 1114112K
  class space    used 3097K, committed 3264K, reserved 1048576K
}
Event: 6.521 GC heap after
{Heap after GC invocations=5 (full 0):
 garbage-first heap   total 131072K, used 24536K [0x0000000080000000, 0x0000000100000000)
  region size 1024K, 4 young (4096K), 4 survivors (4096K)
 Metaspace       used 21192K, committed 21504K, reserved 1114112K
  class space    used 3097K, committed 3264K, reserved 1048576K
}
Event: 7.988 GC heap before
{Heap before GC invocations=6 (full 0):
 garbage-first heap   total 89088K, used 73688K [0x0000000080000000, 0x0000000100000000)
  region size 1024K, 52 young (53248K), 4 survivors (4096K)
 Metaspace       used 28497K, committed 28928K, reserved 1114112K
  class space    used 4135K, committed 4288K, reserved 1048576K
}
Event: 7.997 GC heap after
{Heap after GC invocations=7 (full 0):
 garbage-first heap   total 89088K, used 27150K [0x0000000080000000, 0x0000000100000000)
  region size 1024K, 6 young (6144K), 6 survivors (6144K)
 Metaspace       used 28497K, committed 28928K, reserved 1114112K
  class space    used 4135K, committed 4288K, reserved 1048576K
}
Event: 8.934 GC heap before
{Heap before GC invocations=7 (full 0):
 garbage-first heap   total 89088K, used 69134K [0x0000000080000000, 0x0000000100000000)
  region size 1024K, 45 young (46080K), 6 survivors (6144K)
 Metaspace       used 33854K, committed 34304K, reserved 1114112K
  class space    used 4650K, committed 4864K, reserved 1048576K
}
Event: 8.948 GC heap after
{Heap after GC invocations=8 (full 0):
 garbage-first heap   total 89088K, used 31915K [0x0000000080000000, 0x0000000100000000)
  region size 1024K, 6 young (6144K), 6 survivors (6144K)
 Metaspace       used 33854K, committed 34304K, reserved 1114112K
  class space    used 4650K, committed 4864K, reserved 1048576K
}
Event: 9.599 GC heap before
{Heap before GC invocations=8 (full 0):
 garbage-first heap   total 89088K, used 49323K [0x0000000080000000, 0x0000000100000000)
  region size 1024K, 24 young (24576K), 6 survivors (6144K)
 Metaspace       used 35502K, committed 35968K, reserved 1114112K
  class space    used 4895K, committed 5120K, reserved 1048576K
}
Event: 9.617 GC heap after
{Heap after GC invocations=9 (full 0):
 garbage-first heap   total 89088K, used 34641K [0x0000000080000000, 0x0000000100000000)
  region size 1024K, 3 young (3072K), 3 survivors (3072K)
 Metaspace       used 35502K, committed 35968K, reserved 1114112K
  class space    used 4895K, committed 5120K, reserved 1048576K
}
Event: 10.380 GC heap before
{Heap before GC invocations=10 (full 0):
 garbage-first heap   total 89088K, used 68433K [0x0000000080000000, 0x0000000100000000)
  region size 1024K, 36 young (36864K), 3 survivors (3072K)
 Metaspace       used 37793K, committed 38272K, reserved 1114112K
  class space    used 5232K, committed 5440K, reserved 1048576K
}
Event: 10.394 GC heap after
{Heap after GC invocations=11 (full 0):
 garbage-first heap   total 89088K, used 36556K [0x0000000080000000, 0x0000000100000000)
  region size 1024K, 5 young (5120K), 5 survivors (5120K)
 Metaspace       used 37793K, committed 38272K, reserved 1114112K
  class space    used 5232K, committed 5440K, reserved 1048576K
}
Event: 11.309 GC heap before
{Heap before GC invocations=11 (full 0):
 garbage-first heap   total 89088K, used 70348K [0x0000000080000000, 0x0000000100000000)
  region size 1024K, 37 young (37888K), 5 survivors (5120K)
 Metaspace       used 42708K, committed 43264K, reserved 1114112K
  class space    used 5895K, committed 6144K, reserved 1048576K
}
Event: 11.323 GC heap after
{Heap after GC invocations=12 (full 0):
 garbage-first heap   total 107520K, used 38430K [0x0000000080000000, 0x0000000100000000)
  region size 1024K, 5 young (5120K), 5 survivors (5120K)
 Metaspace       used 42708K, committed 43264K, reserved 1114112K
  class space    used 5895K, committed 6144K, reserved 1048576K
}
Event: 12.699 GC heap before
{Heap before GC invocations=12 (full 0):
 garbage-first heap   total 107520K, used 83486K [0x0000000080000000, 0x0000000100000000)
  region size 1024K, 49 young (50176K), 5 survivors (5120K)
 Metaspace       used 45965K, committed 46592K, reserved 1114112K
  class space    used 6411K, committed 6720K, reserved 1048576K
}
Event: 12.714 GC heap after
{Heap after GC invocations=13 (full 0):
 garbage-first heap   total 107520K, used 43102K [0x0000000080000000, 0x0000000100000000)
  region size 1024K, 7 young (7168K), 7 survivors (7168K)
 Metaspace       used 45965K, committed 46592K, reserved 1114112K
  class space    used 6411K, committed 6720K, reserved 1048576K
}
Event: 14.858 GC heap before
{Heap before GC invocations=13 (full 0):
 garbage-first heap   total 107520K, used 84062K [0x0000000080000000, 0x0000000100000000)
  region size 1024K, 47 young (48128K), 7 survivors (7168K)
 Metaspace       used 50742K, committed 51328K, reserved 1114112K
  class space    used 7149K, committed 7424K, reserved 1048576K
}
Event: 14.870 GC heap after
{Heap after GC invocations=14 (full 0):
 garbage-first heap   total 107520K, used 45418K [0x0000000080000000, 0x0000000100000000)
  region size 1024K, 3 young (3072K), 3 survivors (3072K)
 Metaspace       used 50742K, committed 51328K, reserved 1114112K
  class space    used 7149K, committed 7424K, reserved 1048576K
}
Event: 17.724 GC heap before
{Heap before GC invocations=14 (full 0):
 garbage-first heap   total 107520K, used 84330K [0x0000000080000000, 0x0000000100000000)
  region size 1024K, 41 young (41984K), 3 survivors (3072K)
 Metaspace       used 53438K, committed 54080K, reserved 1114112K
  class space    used 7574K, committed 7872K, reserved 1048576K
}
Event: 17.738 GC heap after
{Heap after GC invocations=15 (full 0):
 garbage-first heap   total 107520K, used 47755K [0x0000000080000000, 0x0000000100000000)
  region size 1024K, 5 young (5120K), 5 survivors (5120K)
 Metaspace       used 53438K, committed 54080K, reserved 1114112K
  class space    used 7574K, committed 7872K, reserved 1048576K
}

Dll operation events (13 events):
Event: 0.013 Loaded shared library C:\Program Files\Eclipse Adoptium\jdk-17.0.15.6-hotspot\bin\java.dll
Event: 0.069 Loaded shared library C:\Program Files\Eclipse Adoptium\jdk-17.0.15.6-hotspot\bin\jsvml.dll
Event: 0.194 Loaded shared library C:\Program Files\Eclipse Adoptium\jdk-17.0.15.6-hotspot\bin\net.dll
Event: 0.196 Loaded shared library C:\Program Files\Eclipse Adoptium\jdk-17.0.15.6-hotspot\bin\nio.dll
Event: 0.206 Loaded shared library C:\Program Files\Eclipse Adoptium\jdk-17.0.15.6-hotspot\bin\zip.dll
Event: 0.553 Loaded shared library C:\Program Files\Eclipse Adoptium\jdk-17.0.15.6-hotspot\bin\jimage.dll
Event: 0.689 Loaded shared library C:\Program Files\Eclipse Adoptium\jdk-17.0.15.6-hotspot\bin\verify.dll
Event: 1.045 Loaded shared library C:\Users\Administrator\.gradle\native\68d5fa5c4cc2d200863cafc0d521ce42e7d3e7ee720ec0a83991735586a16f82\windows-amd64\native-platform.dll
Event: 1.065 Loaded shared library C:\Users\Administrator\.gradle\native\e376f236ea51e6404a007f0833ffe2c6e607c4080706a723a18a27aeea778392\windows-amd64\native-platform-file-events.dll
Event: 2.301 Loaded shared library C:\Program Files\Eclipse Adoptium\jdk-17.0.15.6-hotspot\bin\management.dll
Event: 2.307 Loaded shared library C:\Program Files\Eclipse Adoptium\jdk-17.0.15.6-hotspot\bin\management_ext.dll
Event: 2.678 Loaded shared library C:\Program Files\Eclipse Adoptium\jdk-17.0.15.6-hotspot\bin\extnet.dll
Event: 2.985 Loaded shared library C:\Program Files\Eclipse Adoptium\jdk-17.0.15.6-hotspot\bin\sunmscapi.dll

Deoptimization events (20 events):
Event: 17.660 Thread 0x00000171d70f33e0 DEOPT PACKING pc=0x0000017187dbde50 sp=0x00000009de1fac90
Event: 17.660 Thread 0x00000171d70f33e0 DEOPT UNPACKING pc=0x00000171875869a3 sp=0x00000009de1fabb0 mode 2
Event: 17.660 Thread 0x00000171d70f33e0 Uncommon trap: trap_request=0xffffff45 fr.pc=0x0000017187d7be0c relative=0x000000000000044c
Event: 17.660 Thread 0x00000171d70f33e0 Uncommon trap: reason=unstable_if action=reinterpret pc=0x0000017187d7be0c method=java.util.StringJoiner.add(Ljava/lang/CharSequence;)Ljava/util/StringJoiner; @ 33 c2
Event: 17.660 Thread 0x00000171d70f33e0 DEOPT PACKING pc=0x0000017187d7be0c sp=0x00000009de1fab70
Event: 17.660 Thread 0x00000171d70f33e0 DEOPT UNPACKING pc=0x00000171875869a3 sp=0x00000009de1fab30 mode 2
Event: 17.804 Thread 0x00000171d70f33e0 Uncommon trap: trap_request=0xffffff45 fr.pc=0x0000017187c73744 relative=0x0000000000000464
Event: 17.804 Thread 0x00000171d70f33e0 Uncommon trap: reason=unstable_if action=reinterpret pc=0x0000017187c73744 method=org.codehaus.groovy.runtime.metaclass.MetaMethodIndex.copyNonPrivateNonNewMetaMethods(Lorg/codehaus/groovy/runtime/metaclass/MetaMethodIndex$Entry;Lorg/codehaus/groovy/runti
Event: 17.804 Thread 0x00000171d70f33e0 DEOPT PACKING pc=0x0000017187c73744 sp=0x00000009de1fa6d0
Event: 17.804 Thread 0x00000171d70f33e0 DEOPT UNPACKING pc=0x00000171875869a3 sp=0x00000009de1fa688 mode 2
Event: 18.999 Thread 0x00000171d70f33e0 DEOPT PACKING pc=0x0000017180698011 sp=0x00000009de1f9160
Event: 18.999 Thread 0x00000171d70f33e0 DEOPT UNPACKING pc=0x0000017187587143 sp=0x00000009de1f8650 mode 0
Event: 19.006 Thread 0x00000171d70f33e0 Uncommon trap: trap_request=0xffffffc6 fr.pc=0x0000017187c1d580 relative=0x0000000000000240
Event: 19.006 Thread 0x00000171d70f33e0 Uncommon trap: reason=bimorphic_or_optimized_type_check action=maybe_recompile pc=0x0000017187c1d580 method=com.google.common.base.CharMatcher.indexIn(Ljava/lang/CharSequence;I)I @ 31 c2
Event: 19.006 Thread 0x00000171d70f33e0 DEOPT PACKING pc=0x0000017187c1d580 sp=0x00000009de1f72c0
Event: 19.006 Thread 0x00000171d70f33e0 DEOPT UNPACKING pc=0x00000171875869a3 sp=0x00000009de1f7268 mode 2
Event: 21.222 Thread 0x00000171d70f33e0 DEOPT PACKING pc=0x0000017180067191 sp=0x00000009de1fa4e0
Event: 21.222 Thread 0x00000171d70f33e0 DEOPT UNPACKING pc=0x0000017187587143 sp=0x00000009de1f9a08 mode 0
Event: 21.225 Thread 0x00000171d70f33e0 DEOPT PACKING pc=0x0000017180067191 sp=0x00000009de1fa600
Event: 21.225 Thread 0x00000171d70f33e0 DEOPT UNPACKING pc=0x0000017187587143 sp=0x00000009de1f9b28 mode 0

Classes loaded (20 events):
Event: 17.750 Loading class java/util/AbstractListCustomizer
Event: 17.750 Loading class java/util/AbstractListCustomizer done
Event: 17.750 Loading class java/util/AbstractListCustomizer
Event: 17.750 Loading class java/util/AbstractListCustomizer done
Event: 17.753 Loading class java/util/AbstractSequentialListCustomizer
Event: 17.753 Loading class java/util/AbstractSequentialListCustomizer done
Event: 17.754 Loading class java/util/AbstractSequentialListCustomizer
Event: 17.754 Loading class java/util/AbstractSequentialListCustomizer done
Event: 17.754 Loading class java/util/LinkedListCustomizer
Event: 17.754 Loading class java/util/LinkedListCustomizer done
Event: 17.754 Loading class java/util/LinkedListCustomizer
Event: 17.754 Loading class java/util/LinkedListCustomizer done
Event: 17.782 Loading class java/util/ArrayListBeanInfo
Event: 17.782 Loading class java/util/ArrayListBeanInfo done
Event: 17.782 Loading class java/util/ArrayListBeanInfo
Event: 17.782 Loading class java/util/ArrayListBeanInfo done
Event: 17.782 Loading class java/util/ArrayListCustomizer
Event: 17.782 Loading class java/util/ArrayListCustomizer done
Event: 17.782 Loading class java/util/ArrayListCustomizer
Event: 17.782 Loading class java/util/ArrayListCustomizer done

Classes unloaded (0 events):
No events

Classes redefined (0 events):
No events

Internal exceptions (20 events):
Event: 17.672 Thread 0x00000171d70f33e0 Exception <a 'java/lang/ClassNotFoundException'{0x00000000844d4758}: java/util/TreeSetBeanInfo> (0x00000000844d4758) 
thrown [s\src\hotspot\share\classfile\systemDictionary.cpp, line 256]
Event: 17.674 Thread 0x00000171d70f33e0 Exception <a 'java/lang/ClassNotFoundException'{0x00000000844d8a00}: java/util/AbstractSetBeanInfo> (0x00000000844d8a00) 
thrown [s\src\hotspot\share\classfile\systemDictionary.cpp, line 256]
Event: 17.674 Thread 0x00000171d70f33e0 Exception <a 'java/lang/ClassNotFoundException'{0x00000000844dcf48}: java/util/AbstractSetCustomizer> (0x00000000844dcf48) 
thrown [s\src\hotspot\share\classfile\systemDictionary.cpp, line 256]
Event: 17.689 Thread 0x00000171d70f33e0 Exception <a 'java/lang/ClassNotFoundException'{0x00000000844fe760}: java/util/TreeSetCustomizer> (0x00000000844fe760) 
thrown [s\src\hotspot\share\classfile\systemDictionary.cpp, line 256]
Event: 17.711 Thread 0x00000171d70f33e0 Exception <a 'java/lang/ClassNotFoundException'{0x00000000843bc4c8}: java/util/HashSetBeanInfo> (0x00000000843bc4c8) 
thrown [s\src\hotspot\share\classfile\systemDictionary.cpp, line 256]
Event: 17.711 Thread 0x00000171d70f33e0 Exception <a 'java/lang/ClassNotFoundException'{0x00000000843c09e8}: java/util/HashSetCustomizer> (0x00000000843c09e8) 
thrown [s\src\hotspot\share\classfile\systemDictionary.cpp, line 256]
Event: 17.749 Thread 0x00000171d70f33e0 Exception <a 'java/lang/ClassNotFoundException'{0x000000008675f318}: java/util/LinkedListBeanInfo> (0x000000008675f318) 
thrown [s\src\hotspot\share\classfile\systemDictionary.cpp, line 256]
Event: 17.749 Thread 0x00000171d70f33e0 Exception <a 'java/lang/ClassNotFoundException'{0x00000000867638f0}: java/util/AbstractSequentialListBeanInfo> (0x00000000867638f0) 
thrown [s\src\hotspot\share\classfile\systemDictionary.cpp, line 256]
Event: 17.750 Thread 0x00000171d70f33e0 Exception <a 'java/lang/ClassNotFoundException'{0x0000000086767e50}: java/util/AbstractListBeanInfo> (0x0000000086767e50) 
thrown [s\src\hotspot\share\classfile\systemDictionary.cpp, line 256]
Event: 17.750 Thread 0x00000171d70f33e0 Exception <a 'java/lang/ClassNotFoundException'{0x000000008676c398}: java/util/AbstractListCustomizer> (0x000000008676c398) 
thrown [s\src\hotspot\share\classfile\systemDictionary.cpp, line 256]
Event: 17.754 Thread 0x00000171d70f33e0 Exception <a 'java/lang/ClassNotFoundException'{0x0000000086796e80}: java/util/AbstractSequentialListCustomizer> (0x0000000086796e80) 
thrown [s\src\hotspot\share\classfile\systemDictionary.cpp, line 256]
Event: 17.754 Thread 0x00000171d70f33e0 Exception <a 'java/lang/ClassNotFoundException'{0x00000000867a5720}: java/util/LinkedListCustomizer> (0x00000000867a5720) 
thrown [s\src\hotspot\share\classfile\systemDictionary.cpp, line 256]
Event: 17.782 Thread 0x00000171d70f33e0 Exception <a 'java/lang/ClassNotFoundException'{0x0000000086513498}: java/util/ArrayListBeanInfo> (0x0000000086513498) 
thrown [s\src\hotspot\share\classfile\systemDictionary.cpp, line 256]
Event: 17.782 Thread 0x00000171d70f33e0 Exception <a 'java/lang/ClassNotFoundException'{0x00000000865179c0}: java/util/ArrayListCustomizer> (0x00000000865179c0) 
thrown [s\src\hotspot\share\classfile\systemDictionary.cpp, line 256]
Event: 17.808 Thread 0x00000171d70f33e0 Exception <a 'java/lang/ClassNotFoundException'{0x00000000863934a8}: org/gradle/api/internal/artifacts/configurations/DefaultConfiguration_DecoratedBeanInfo> (0x00000000863934a8) 
thrown [s\src\hotspot\share\classfile\systemDictionary.cpp, line 256]
Event: 17.809 Thread 0x00000171d70f33e0 Exception <a 'java/lang/ClassNotFoundException'{0x000000008639d8f8}: org/gradle/api/internal/artifacts/configurations/DefaultConfigurationBeanInfo> (0x000000008639d8f8) 
thrown [s\src\hotspot\share\classfile\systemDictionary.cpp, line 256]
Event: 17.810 Thread 0x00000171d70f33e0 Exception <a 'java/lang/ClassNotFoundException'{0x00000000863a5a40}: org/gradle/api/internal/file/AbstractFileCollectionBeanInfo> (0x00000000863a5a40) 
thrown [s\src\hotspot\share\classfile\systemDictionary.cpp, line 256]
Event: 17.811 Thread 0x00000171d70f33e0 Exception <a 'java/lang/ClassNotFoundException'{0x00000000863adb58}: org/gradle/api/internal/file/AbstractFileCollectionCustomizer> (0x00000000863adb58) 
thrown [s\src\hotspot\share\classfile\systemDictionary.cpp, line 256]
Event: 17.813 Thread 0x00000171d70f33e0 Exception <a 'java/lang/ClassNotFoundException'{0x00000000863cd550}: org/gradle/api/internal/artifacts/configurations/DefaultConfigurationCustomizer> (0x00000000863cd550) 
thrown [s\src\hotspot\share\classfile\systemDictionary.cpp, line 256]
Event: 17.826 Thread 0x00000171d70f33e0 Exception <a 'java/lang/ClassNotFoundException'{0x000000008623e128}: org/gradle/api/internal/artifacts/configurations/DefaultConfiguration_DecoratedCustomizer> (0x000000008623e128) 
thrown [s\src\hotspot\share\classfile\systemDictionary.cpp, line 256]

VM Operations (20 events):
Event: 14.895 Executing VM operation: HandshakeAllThreads
Event: 14.896 Executing VM operation: HandshakeAllThreads done
Event: 14.896 Executing VM operation: HandshakeAllThreads
Event: 14.897 Executing VM operation: HandshakeAllThreads done
Event: 14.919 Executing VM operation: HandshakeAllThreads
Event: 14.919 Executing VM operation: HandshakeAllThreads done
Event: 15.919 Executing VM operation: Cleanup
Event: 15.919 Executing VM operation: Cleanup done
Event: 16.037 Executing VM operation: HandshakeAllThreads
Event: 16.037 Executing VM operation: HandshakeAllThreads done
Event: 16.067 Executing VM operation: HandshakeAllThreads
Event: 16.067 Executing VM operation: HandshakeAllThreads done
Event: 17.067 Executing VM operation: Cleanup
Event: 17.068 Executing VM operation: Cleanup done
Event: 17.724 Executing VM operation: G1CollectForAllocation
Event: 17.738 Executing VM operation: G1CollectForAllocation done
Event: 19.738 Executing VM operation: Cleanup
Event: 20.033 Executing VM operation: Cleanup done
Event: 21.033 Executing VM operation: Cleanup
Event: 21.033 Executing VM operation: Cleanup done

Memory protections (0 events):
No events

Nmethod flushes (20 events):
Event: 11.165 Thread 0x00000171fe840060 flushing  nmethod 0x0000017180711a10
Event: 11.165 Thread 0x00000171fe840060 flushing  nmethod 0x0000017180712f10
Event: 11.165 Thread 0x00000171fe840060 flushing  nmethod 0x0000017180717710
Event: 11.165 Thread 0x00000171fe840060 flushing  nmethod 0x0000017180718110
Event: 11.165 Thread 0x00000171fe840060 flushing  nmethod 0x0000017180720b90
Event: 11.165 Thread 0x00000171fe840060 flushing  nmethod 0x000001718072f610
Event: 11.165 Thread 0x00000171fe840060 flushing  nmethod 0x000001718074b790
Event: 11.165 Thread 0x00000171fe840060 flushing  nmethod 0x0000017180752190
Event: 11.165 Thread 0x00000171fe840060 flushing  nmethod 0x0000017180753890
Event: 11.166 Thread 0x00000171fe840060 flushing  nmethod 0x0000017180763190
Event: 11.166 Thread 0x00000171fe840060 flushing  nmethod 0x00000171807a9110
Event: 11.166 Thread 0x00000171fe840060 flushing  nmethod 0x00000171807ac010
Event: 11.166 Thread 0x00000171fe840060 flushing  nmethod 0x0000017180829e90
Event: 11.166 Thread 0x00000171fe840060 flushing  nmethod 0x000001718083e790
Event: 11.166 Thread 0x00000171fe840060 flushing  nmethod 0x0000017180866090
Event: 11.166 Thread 0x00000171fe840060 flushing  nmethod 0x0000017180872790
Event: 11.166 Thread 0x00000171fe840060 flushing  nmethod 0x000001718087ca90
Event: 11.166 Thread 0x00000171fe840060 flushing  nmethod 0x000001718088bb90
Event: 11.167 Thread 0x00000171fe840060 flushing  nmethod 0x00000171808b7990
Event: 11.167 Thread 0x00000171fe840060 flushing  nmethod 0x00000171808bfe10

Events (20 events):
Event: 18.373 Thread 0x00000171d6447a10 Thread exited: 0x00000171d6447a10
Event: 18.373 Thread 0x00000171d6446ff0 Thread exited: 0x00000171d6446ff0
Event: 18.374 Thread 0x00000171d6445bb0 Thread exited: 0x00000171d6445bb0
Event: 18.397 Thread 0x00000171d6441ef0 Thread exited: 0x00000171d6441ef0
Event: 18.398 Thread 0x00000171d6448430 Thread exited: 0x00000171d6448430
Event: 18.654 Thread 0x00000171d7142ce0 Thread exited: 0x00000171d7142ce0
Event: 18.657 Thread 0x00000171d7148570 Thread added: 0x00000171d6445bb0
Event: 18.771 Thread 0x00000171d7148570 Thread added: 0x00000171d6447a10
Event: 18.799 Thread 0x00000171d70f33e0 Thread added: 0x00000171d6443d50
Event: 18.800 Thread 0x00000171d70f33e0 Thread added: 0x00000171d6443330
Event: 18.801 Thread 0x00000171d70f33e0 Thread added: 0x00000171d6447f20
Event: 18.905 Thread 0x00000171d70f33e0 Thread added: 0x00000171d6444260
Event: 18.909 Thread 0x00000171d70f33e0 Thread added: 0x00000171d6445190
Event: 18.913 Thread 0x00000171d70f33e0 Thread added: 0x00000171d6443840
Event: 18.930 Thread 0x00000171d70f33e0 Thread added: 0x00000171d6442910
Event: 18.980 Thread 0x00000171d70f33e0 Thread added: 0x00000171d6444c80
Event: 18.987 Thread 0x00000171d70f33e0 Thread added: 0x00000171d6441ef0
Event: 18.988 Thread 0x00000171fe7b71c0 Thread added: 0x00000171d7140260
Event: 20.203 Thread 0x00000171d7140260 Thread exited: 0x00000171d7140260
Event: 21.256 Thread 0x00000171fe7b71c0 Thread added: 0x00000171d71407b0


Dynamic libraries:
0x00007ff7e0d90000 - 0x00007ff7e0d9e000 	C:\Program Files\Eclipse Adoptium\jdk-17.0.15.6-hotspot\bin\java.exe
0x00007ffd9e090000 - 0x00007ffd9e290000 	C:\Windows\SYSTEM32\ntdll.dll
0x00007ffd9c100000 - 0x00007ffd9c1bc000 	C:\Windows\System32\KERNEL32.DLL
0x00007ffd9bbc0000 - 0x00007ffd9bf1f000 	C:\Windows\System32\KERNELBASE.dll
0x00007ffd9b8f0000 - 0x00007ffd9ba00000 	C:\Windows\System32\ucrtbase.dll
0x00007ffd86c00000 - 0x00007ffd86c17000 	C:\Program Files\Eclipse Adoptium\jdk-17.0.15.6-hotspot\bin\jli.dll
0x00007ffd9c640000 - 0x00007ffd9c7e5000 	C:\Windows\System32\USER32.dll
0x00007ffd9b8c0000 - 0x00007ffd9b8e6000 	C:\Windows\System32\win32u.dll
0x00007ffd9d2b0000 - 0x00007ffd9d2db000 	C:\Windows\System32\GDI32.dll
0x00007ffd9ba00000 - 0x00007ffd9bb11000 	C:\Windows\System32\gdi32full.dll
0x00007ffd9bb20000 - 0x00007ffd9bbc0000 	C:\Windows\System32\msvcp_win.dll
0x00007ffd85a60000 - 0x00007ffd85a7e000 	C:\Program Files\Eclipse Adoptium\jdk-17.0.15.6-hotspot\bin\VCRUNTIME140.dll
0x00007ffd8b660000 - 0x00007ffd8b905000 	C:\Windows\WinSxS\amd64_microsoft.windows.common-controls_6595b64144ccf1df_6.0.20348.1_none_88d3d41d702dedea\COMCTL32.dll
0x00007ffd9c9b0000 - 0x00007ffd9ca53000 	C:\Windows\System32\msvcrt.dll
0x00007ffd9d9c0000 - 0x00007ffd9d9f1000 	C:\Windows\System32\IMM32.DLL
0x00007ffd8ae40000 - 0x00007ffd8ae4c000 	C:\Program Files\Eclipse Adoptium\jdk-17.0.15.6-hotspot\bin\vcruntime140_1.dll
0x00007ffd7efc0000 - 0x00007ffd7f04d000 	C:\Program Files\Eclipse Adoptium\jdk-17.0.15.6-hotspot\bin\msvcp140.dll
0x00007ffd6b0e0000 - 0x00007ffd6bd4b000 	C:\Program Files\Eclipse Adoptium\jdk-17.0.15.6-hotspot\bin\server\jvm.dll
0x00007ffd9c050000 - 0x00007ffd9c0fc000 	C:\Windows\System32\ADVAPI32.dll
0x00007ffd9dca0000 - 0x00007ffd9dd3e000 	C:\Windows\System32\sechost.dll
0x00007ffd9d2e0000 - 0x00007ffd9d3ff000 	C:\Windows\System32\RPCRT4.dll
0x00007ffd9de80000 - 0x00007ffd9def1000 	C:\Windows\System32\WS2_32.dll
0x00007ffd9b540000 - 0x00007ffd9b58d000 	C:\Windows\SYSTEM32\POWRPROF.dll
0x00007ffd8bb80000 - 0x00007ffd8bba7000 	C:\Windows\SYSTEM32\WINMM.dll
0x00007ffd8fab0000 - 0x00007ffd8faba000 	C:\Windows\SYSTEM32\VERSION.dll
0x00007ffd9b520000 - 0x00007ffd9b533000 	C:\Windows\SYSTEM32\UMPDC.dll
0x00007ffd9a1c0000 - 0x00007ffd9a1d7000 	C:\Windows\SYSTEM32\kernel.appcore.dll
0x00007ffd8a680000 - 0x00007ffd8a68a000 	C:\Program Files\Eclipse Adoptium\jdk-17.0.15.6-hotspot\bin\jimage.dll
0x00007ffd8cd20000 - 0x00007ffd8cf32000 	C:\Windows\SYSTEM32\DBGHELP.DLL
0x00007ffd8cad0000 - 0x00007ffd8cb00000 	C:\Windows\SYSTEM32\dbgcore.DLL
0x00007ffd9b670000 - 0x00007ffd9b6ee000 	C:\Windows\System32\bcryptPrimitives.dll
0x00007ffd85a30000 - 0x00007ffd85a55000 	C:\Program Files\Eclipse Adoptium\jdk-17.0.15.6-hotspot\bin\java.dll
0x00007ffd7eee0000 - 0x00007ffd7efb7000 	C:\Program Files\Eclipse Adoptium\jdk-17.0.15.6-hotspot\bin\jsvml.dll
0x00007ffd9cac0000 - 0x00007ffd9d21a000 	C:\Windows\System32\SHELL32.dll
0x00007ffd8f100000 - 0x00007ffd8f945000 	C:\Windows\SYSTEM32\windows.storage.dll
0x00007ffd9c2b0000 - 0x00007ffd9c621000 	C:\Windows\System32\combase.dll
0x00007ffd9df00000 - 0x00007ffd9dfeb000 	C:\Windows\System32\SHCORE.dll
0x00007ffd9ca60000 - 0x00007ffd9cabf000 	C:\Windows\System32\shlwapi.dll
0x00007ffd9b5a0000 - 0x00007ffd9b5c1000 	C:\Windows\SYSTEM32\profapi.dll
0x00007ffd82480000 - 0x00007ffd82499000 	C:\Program Files\Eclipse Adoptium\jdk-17.0.15.6-hotspot\bin\net.dll
0x00007ffd91780000 - 0x00007ffd91882000 	C:\Windows\SYSTEM32\WINHTTP.dll
0x00007ffd9ab90000 - 0x00007ffd9abf8000 	C:\Windows\system32\mswsock.dll
0x00007ffd82460000 - 0x00007ffd82476000 	C:\Program Files\Eclipse Adoptium\jdk-17.0.15.6-hotspot\bin\nio.dll
0x00007ffd85a10000 - 0x00007ffd85a28000 	C:\Program Files\Eclipse Adoptium\jdk-17.0.15.6-hotspot\bin\zip.dll
0x00007ffd886f0000 - 0x00007ffd88700000 	C:\Program Files\Eclipse Adoptium\jdk-17.0.15.6-hotspot\bin\verify.dll
0x00007ffd7fc70000 - 0x00007ffd7fc97000 	C:\Users\Administrator\.gradle\native\68d5fa5c4cc2d200863cafc0d521ce42e7d3e7ee720ec0a83991735586a16f82\windows-amd64\native-platform.dll
0x00007ffd77e70000 - 0x00007ffd77fb4000 	C:\Users\Administrator\.gradle\native\e376f236ea51e6404a007f0833ffe2c6e607c4080706a723a18a27aeea778392\windows-amd64\native-platform-file-events.dll
0x00007ffd892a0000 - 0x00007ffd892aa000 	C:\Program Files\Eclipse Adoptium\jdk-17.0.15.6-hotspot\bin\management.dll
0x00007ffd88f00000 - 0x00007ffd88f0b000 	C:\Program Files\Eclipse Adoptium\jdk-17.0.15.6-hotspot\bin\management_ext.dll
0x00007ffd9d240000 - 0x00007ffd9d248000 	C:\Windows\System32\PSAPI.DLL
0x00007ffd9ade0000 - 0x00007ffd9adf8000 	C:\Windows\SYSTEM32\CRYPTSP.dll
0x00007ffd9a720000 - 0x00007ffd9a755000 	C:\Windows\system32\rsaenh.dll
0x00007ffd9ac80000 - 0x00007ffd9acae000 	C:\Windows\SYSTEM32\USERENV.dll
0x00007ffd9af20000 - 0x00007ffd9af47000 	C:\Windows\SYSTEM32\bcrypt.dll
0x00007ffd9add0000 - 0x00007ffd9addc000 	C:\Windows\SYSTEM32\CRYPTBASE.dll
0x00007ffd9a8f0000 - 0x00007ffd9a91d000 	C:\Windows\SYSTEM32\IPHLPAPI.DLL
0x00007ffd9bfe0000 - 0x00007ffd9bfe9000 	C:\Windows\System32\NSI.dll
0x00007ffd92d60000 - 0x00007ffd92d79000 	C:\Windows\SYSTEM32\dhcpcsvc6.DLL
0x00007ffd922d0000 - 0x00007ffd922ed000 	C:\Windows\SYSTEM32\dhcpcsvc.DLL
0x00007ffd9a920000 - 0x00007ffd9a9fd000 	C:\Windows\SYSTEM32\DNSAPI.dll
0x00007ffd86b60000 - 0x00007ffd86b69000 	C:\Program Files\Eclipse Adoptium\jdk-17.0.15.6-hotspot\bin\extnet.dll
0x00007ffd82450000 - 0x00007ffd8245e000 	C:\Program Files\Eclipse Adoptium\jdk-17.0.15.6-hotspot\bin\sunmscapi.dll
0x00007ffd9b6f0000 - 0x00007ffd9b84f000 	C:\Windows\System32\CRYPT32.dll
0x00007ffd9aef0000 - 0x00007ffd9af18000 	C:\Windows\SYSTEM32\ncrypt.dll
0x00007ffd9aeb0000 - 0x00007ffd9aee7000 	C:\Windows\SYSTEM32\NTASN1.dll
0x00007ffd8b220000 - 0x00007ffd8b228000 	C:\Windows\system32\wshunix.dll

dbghelp: loaded successfully - version: 4.0.5 - missing functions: none
symbol engine: initialized successfully - sym options: 0x614 - pdb path: .;C:\Program Files\Eclipse Adoptium\jdk-17.0.15.6-hotspot\bin;C:\Windows\SYSTEM32;C:\Windows\WinSxS\amd64_microsoft.windows.common-controls_6595b64144ccf1df_6.0.20348.1_none_88d3d41d702dedea;C:\Program Files\Eclipse Adoptium\jdk-17.0.15.6-hotspot\bin\server;C:\Users\Administrator\.gradle\native\68d5fa5c4cc2d200863cafc0d521ce42e7d3e7ee720ec0a83991735586a16f82\windows-amd64;C:\Users\Administrator\.gradle\native\e376f236ea51e6404a007f0833ffe2c6e607c4080706a723a18a27aeea778392\windows-amd64

VM Arguments:
jvm_args: --add-opens=java.base/java.util=ALL-UNNAMED --add-opens=java.base/java.lang=ALL-UNNAMED --add-opens=java.base/java.lang.invoke=ALL-UNNAMED --add-opens=java.prefs/java.util.prefs=ALL-UNNAMED --add-opens=java.base/java.nio.charset=ALL-UNNAMED --add-opens=java.base/java.net=ALL-UNNAMED --add-opens=java.base/java.util.concurrent.atomic=ALL-UNNAMED -Xmx2G -Dfile.encoding=utf8 -Duser.country=CN -Duser.language=zh -Duser.variant 
java_command: org.gradle.launcher.daemon.bootstrap.GradleDaemon 8.0
java_class_path (initial): C:\Users\Administrator\.gradle\wrapper\dists\gradle-8.0-bin\ca5e32bp14vu59qr306oxotwh\gradle-8.0\lib\gradle-launcher-8.0.jar
Launcher Type: SUN_STANDARD

[Global flags]
     intx CICompilerCount                          = 3                                         {product} {ergonomic}
     uint ConcGCThreads                            = 1                                         {product} {ergonomic}
     uint G1ConcRefinementThreads                  = 4                                         {product} {ergonomic}
   size_t G1HeapRegionSize                         = 1048576                                   {product} {ergonomic}
    uintx GCDrainStackTargetSize                   = 64                                        {product} {ergonomic}
   size_t InitialHeapSize                          = 134217728                                 {product} {ergonomic}
   size_t MarkStackSize                            = 4194304                                   {product} {ergonomic}
   size_t MaxHeapSize                              = 2147483648                                {product} {command line}
   size_t MaxNewSize                               = 1287651328                                {product} {ergonomic}
   size_t MinHeapDeltaBytes                        = 1048576                                   {product} {ergonomic}
   size_t MinHeapSize                              = 8388608                                   {product} {ergonomic}
    uintx NonNMethodCodeHeapSize                   = 5832780                                {pd product} {ergonomic}
    uintx NonProfiledCodeHeapSize                  = 122912730                              {pd product} {ergonomic}
    uintx ProfiledCodeHeapSize                     = 122912730                              {pd product} {ergonomic}
    uintx ReservedCodeCacheSize                    = 251658240                              {pd product} {ergonomic}
     bool SegmentedCodeCache                       = true                                      {product} {ergonomic}
   size_t SoftMaxHeapSize                          = 2147483648                             {manageable} {ergonomic}
     bool UseCompressedClassPointers               = true                           {product lp64_product} {ergonomic}
     bool UseCompressedOops                        = true                           {product lp64_product} {ergonomic}
     bool UseG1GC                                  = true                                      {product} {ergonomic}
     bool UseLargePagesIndividualAllocation        = false                                  {pd product} {ergonomic}

Logging:
Log output configuration:
 #0: stdout all=warning uptime,level,tags
 #1: stderr all=off uptime,level,tags

Environment Variables:
JAVA_HOME=C:\Program Files\Eclipse Adoptium\jdk-17.0.15.6-hotspot
PATH=C:\Program Files\Eclipse Adoptium\jdk-17.0.15.6-hotspot\bin;C:\Windows\system32;C:\Windows;C:\Windows\System32\Wbem;C:\Windows\System32\WindowsPowerShell\v1.0\;C:\Windows\System32\OpenSSH\;C:\Program Files\Git\cmd;C:\Program Files\nodejs\;C:\Program Files\Bandizip\;C:\Users\Administrator\Downloads\gradle-9.0.0-rc-3-all\gradle-9.0.0-rc-3\bin;C:\Program Files\Zulu\zulu-21\bin;C:\sqlite;C:\Program Files\CMake\bin;C:\Users\Administrator\AppData\Local\Programs\Python\Python310\Scripts\;C:\Users\Administrator\AppData\Local\Programs\Python\Python310\;C:\Users\Administrator\AppData\Local\Microsoft\WindowsApps;C:\Users\Administrator\AppData\Local\Programs\Microsoft VS Code\bin;C:\Users\Administrator\AppData\Roaming\npm;C:\Program Files\Eclipse Adoptium\jdk-17.0.15.6-hotspot\bin;C:\sqlite;C:\mingw64\bin;
USERNAME=Administrator
OS=Windows_NT
PROCESSOR_IDENTIFIER=Intel64 Family 6 Model 62 Stepping 4, GenuineIntel
TMP=C:\Users\ADMINI~1\AppData\Local\Temp\3
TEMP=C:\Users\ADMINI~1\AppData\Local\Temp\3



Periodic native trim disabled


---------------  S Y S T E M  ---------------

OS:
 Windows Server 2022 , 64 bit Build 20348 (10.0.20348.143)
OS uptime: 1 days 20:20 hours
KVM virtualization detected

CPU: total 4 (initial active 4) (4 cores per cpu, 1 threads per core) family 6 model 62 stepping 4 microcode 0x42e, cx8, cmov, fxsr, mmx, sse, sse2, sse3, ssse3, sse4.1, sse4.2, popcnt, tsc, avx, aes, erms, clmul, vzeroupper, clflush, hv
Processor Information for all 4 processors :
  Max Mhz: 3300, Current Mhz: 3300, Mhz Limit: 3300

Memory: 4k page, system-wide physical 8191M (413M free)
TotalPageFile size 8191M (AvailPageFile size 12M)
current process WorkingSet (physical memory assigned to process): 263M, peak: 306M
current process commit charge ("private bytes"): 301M, peak: 339M

vm_info: OpenJDK 64-Bit Server VM (17.0.15+6) for windows-amd64 JRE (17.0.15+6), built on Apr 15 2025 21:25:47 by "admin" with MS VC++ 17.7 (VS2022)

END.
